<?xml version="1.0" encoding="UTF-8"?>
<testng-results ignored="0" total="1" passed="1" failed="0" skipped="0">
  <reporter-output>
  </reporter-output>
  <suite started-at="2022-09-06T11:54:44 CDT" name="Default suite" finished-at="2022-09-06T11:55:02 CDT" duration-ms="18566">
    <groups>
    </groups>
    <test started-at="2022-09-06T11:54:44 CDT" name="Default test" finished-at="2022-09-06T11:55:02 CDT" duration-ms="18566">
      <class name="javaselenium.TestTestNG02">
        <test-method signature="gogglesearch()[pri:0, instance:javaselenium.TestTestNG02@73e9cf30]" started-at="2022-09-06T11:54:44 CDT" name="gogglesearch" finished-at="2022-09-06T11:55:02 CDT" duration-ms="18170" status="PASS">
          <reporter-output>
          </reporter-output>
        </test-method> <!-- gogglesearch -->
      </class> <!-- javaselenium.TestTestNG02 -->
    </test> <!-- Default test -->
  </suite> <!-- Default suite -->
</testng-results>
